c:\users\olive\source\repos\bankid\x64\debug\libcrypto-1_1-x64.dll
c:\users\olive\source\repos\bankid\bankid\x64\debug\vc143.pdb
c:\users\olive\source\repos\bankid\bankid\x64\debug\vc143.idb
c:\users\olive\source\repos\bankid\bankid\x64\debug\sha256.obj
c:\users\olive\source\repos\bankid\bankid\x64\debug\qrcode.obj
c:\users\olive\source\repos\bankid\bankid\x64\debug\main.obj
c:\users\olive\source\repos\bankid\bankid\x64\debug\hmac_sha256.obj
c:\users\olive\source\repos\bankid\bankid\x64\debug\qrtopng.obj
c:\users\olive\source\repos\bankid\bankid\x64\debug\bankid.obj
c:\users\olive\source\repos\bankid\bankid\x64\debug\tinypngout.obj
c:\users\olive\source\repos\bankid\x64\debug\bankid.exe
c:\users\olive\source\repos\bankid\bankid\x64\debug\bankid.ilk
c:\users\olive\source\repos\bankid\x64\debug\bankid.pdb
c:\users\olive\source\repos\bankid\bankid\x64\debug\vc142.idb
c:\users\olive\source\repos\bankid\bankid\x64\debug\vc142.pdb
c:\users\olive\source\repos\bankid\bankid\x64\debug\bankid.tlog\bankid.write.1u.tlog
c:\users\olive\source\repos\bankid\bankid\x64\debug\bankid.tlog\cl.command.1.tlog
c:\users\olive\source\repos\bankid\bankid\x64\debug\bankid.tlog\cl.read.1.tlog
c:\users\olive\source\repos\bankid\bankid\x64\debug\bankid.tlog\cl.write.1.tlog
c:\users\olive\source\repos\bankid\bankid\x64\debug\bankid.tlog\link.command.1.tlog
c:\users\olive\source\repos\bankid\bankid\x64\debug\bankid.tlog\link.read.1.tlog
c:\users\olive\source\repos\bankid\bankid\x64\debug\bankid.tlog\link.write.1.tlog
